<?xml version="1.0" encoding="UTF-8"?>
<!-- Generated by org.testng.reporters.JUnitReportReporter -->
<testsuite skipped="0" hostname="HP-dx7500" name="test_Cases.Facebook_Login" tests="2" failures="0" timestamp="6 May 2017 23:51:08 GMT" time="5.458" errors="0">
  <testcase name="verifyHomepageTitle" time="0.015" classname="test_Cases.Facebook_Login"/>
  <testcase name="log_In" time="5.443" classname="test_Cases.Facebook_Login"/>
</testsuite> <!-- test_Cases.Facebook_Login -->
